<?xml version="1.0" encoding="UTF-8" standalone="yes"?>
<ns2:test-suite start="1490867428019" stop="1490867452486" xmlns:ns2="urn:model.allure.qatools.yandex.ru">
    <name>Default Suite : HeadAndStone</name>
    <title>Default Suite : HeadAndStone</title>
    <test-cases>
        <test-case start="1490867435493" stop="1490867451250" status="broken">
            <name>test</name>
            <failure>
                <message>NumberFormatException: For input string: "[[ChromeDriver: chrome on XP (6c6c35a22d86299f17d78b1c2c8f58cb)] -&gt; xpath: //div[contains(@class,'service-content')]//ul//li//a[contains(.,'book now')]]"</message>
                <stack-trace>java.lang.NumberFormatException: For input string: "[[ChromeDriver: chrome on XP (6c6c35a22d86299f17d78b1c2c8f58cb)] -&gt; xpath: //div[contains(@class,'service-content')]//ul//li//a[contains(.,'book now')]]"
	at java.lang.NumberFormatException.forInputString(NumberFormatException.java:65)
	at java.lang.Integer.parseInt(Integer.java:580)
	at java.lang.Integer.parseInt(Integer.java:615)
	at pages.BookingPage.getRandomService(BookingPage.java:124)
	at pages.BookingPage.setChosenService(BookingPage.java:22)
	at pages.BookingPage.chooseService(BookingPage.java:49)
	at tests.StubTest.test(StubTest.java:25)
	at sun.reflect.NativeMethodAccessorImpl.invoke0(Native Method)
	at sun.reflect.NativeMethodAccessorImpl.invoke(NativeMethodAccessorImpl.java:62)
	at sun.reflect.DelegatingMethodAccessorImpl.invoke(DelegatingMethodAccessorImpl.java:43)
	at java.lang.reflect.Method.invoke(Method.java:498)
	at org.testng.internal.MethodInvocationHelper.invokeMethod(MethodInvocationHelper.java:80)
	at org.testng.internal.Invoker.invokeMethod(Invoker.java:714)
	at org.testng.internal.Invoker.invokeTestMethod(Invoker.java:901)
	at org.testng.internal.Invoker.invokeTestMethods(Invoker.java:1231)
	at org.testng.internal.TestMethodWorker.invokeTestMethods(TestMethodWorker.java:127)
	at org.testng.internal.TestMethodWorker.run(TestMethodWorker.java:111)
	at org.testng.TestRunner.privateRun(TestRunner.java:767)
	at org.testng.TestRunner.run(TestRunner.java:617)
	at org.testng.SuiteRunner.runTest(SuiteRunner.java:334)
	at org.testng.SuiteRunner.runSequentially(SuiteRunner.java:329)
	at org.testng.SuiteRunner.privateRun(SuiteRunner.java:291)
	at org.testng.SuiteRunner.run(SuiteRunner.java:240)
	at org.testng.SuiteRunnerWorker.runSuite(SuiteRunnerWorker.java:52)
	at org.testng.SuiteRunnerWorker.run(SuiteRunnerWorker.java:86)
	at org.testng.TestNG.runSuitesSequentially(TestNG.java:1198)
	at org.testng.TestNG.runSuitesLocally(TestNG.java:1123)
	at org.testng.TestNG.run(TestNG.java:1031)
	at org.testng.IDEARemoteTestNG.run(IDEARemoteTestNG.java:72)
	at org.testng.RemoteTestNGStarter.main(RemoteTestNGStarter.java:127)
	at sun.reflect.NativeMethodAccessorImpl.invoke0(Native Method)
	at sun.reflect.NativeMethodAccessorImpl.invoke(NativeMethodAccessorImpl.java:62)
	at sun.reflect.DelegatingMethodAccessorImpl.invoke(DelegatingMethodAccessorImpl.java:43)
	at java.lang.reflect.Method.invoke(Method.java:498)
	at com.intellij.rt.execution.application.AppMain.main(AppMain.java:147)
</stack-trace>
            </failure>
            <steps/>
            <attachments/>
            <labels>
                <label name="host" value="BIGDROP-PC75"/>
                <label name="thread" value="5836@BIGDROP-PC75.main(1)"/>
            </labels>
        </test-case>
    </test-cases>
    <labels>
        <label name="framework" value="TestNG"/>
        <label name="language" value="JAVA"/>
    </labels>
</ns2:test-suite>
